{
  "profileName": "DeliveryChatbotPublish",
  "jobId": "4c3b4b6c-9d28-47e8-afbc-5784af0932c2",
  "projectId": "9964.23101599182",
  "time": "2021-08-06T11:40:50.658Z",
  "log": [
    "Creating Azure resources...",
    "Checking the Existence of the Resource Group ...",
    "Use the Resource Group: chatbot at francecentral",
    "> Creating App Registration ...",
    "Start to add password for App, Id : b85bf278-2e31-4afd-a967-bda98d1ae5a7",
    "Add application password failed, retrying ...",
    "Add application password failed, retrying ...",
    "> Create App Registration Success! ID: b85bf278-2e31-4afd-a967-bda98d1ae5a7",
    "Deploying Web App Resource ...",
    "Deploying Bot Resource ...",
    "{\"stack\":\"Error: Bot is not valid. Errors: The bot name is already registered to another bot application..  See https://docs.microsoft.com/azure/bot-service/bot-service-resources-bot-framework-faq?view=azure-bot-service-4.0 for detailed requirements.\\n    at new RestError2 (C:\\\\Users\\\\Ayaaa\\\\AppData\\\\Local\\\\Programs\\\\Bot Framework Composer\\\\resources\\\\app.asar.unpacked\\\\extensions\\\\azurePublish\\\\dist\\\\extension.js:174394:26)\\n    at C:\\\\Users\\\\Ayaaa\\\\AppData\\\\Local\\\\Programs\\\\Bot Framework Composer\\\\resources\\\\app.asar.unpacked\\\\extensions\\\\azurePublish\\\\dist\\\\extension.js:175327:27\\n    at async AzureResourceMananger.deployBotResource (C:\\\\Users\\\\Ayaaa\\\\AppData\\\\Local\\\\Programs\\\\Bot Framework Composer\\\\resources\\\\app.asar.unpacked\\\\extensions\\\\azurePublish\\\\dist\\\\extension.js:270441:25)\\n    at async BotProjectProvision.create (C:\\\\Users\\\\Ayaaa\\\\AppData\\\\Local\\\\Programs\\\\Bot Framework Composer\\\\resources\\\\app.asar.unpacked\\\\extensions\\\\azurePublish\\\\dist\\\\extension.js:270698:29)\\n    at async AzurePublisher.asyncProvision (C:\\\\Users\\\\Ayaaa\\\\AppData\\\\Local\\\\Programs\\\\Bot Framework Composer\\\\resources\\\\app.asar.unpacked\\\\extensions\\\\azurePublish\\\\dist\\\\extension.js:271174:34)\",\"message\":\"Bot is not valid. Errors: The bot name is already registered to another bot application..  See https://docs.microsoft.com/azure/bot-service/bot-service-resources-bot-framework-faq?view=azure-bot-service-4.0 for detailed requirements.\",\"code\":\"InvalidBotData\",\"statusCode\":400,\"request\":{\"body\":\"{\\\"location\\\":\\\"global\\\",\\\"tags\\\":{\\\"webapp\\\":\\\"deliverybot.azurewebsites.net\\\"},\\\"sku\\\":{\\\"name\\\":\\\"F0\\\"},\\\"kind\\\":\\\"azurebot\\\",\\\"properties\\\":{\\\"displayName\\\":\\\"DeliveryBot\\\",\\\"endpoint\\\":\\\"https://deliverybot.azurewebsites.net/api/messages\\\",\\\"msaAppId\\\":\\\"b85bf278-2e31-4afd-a967-bda98d1ae5a7\\\"}}\"},\"response\":{\"body\":\"{\\\"error\\\":{\\\"code\\\":\\\"InvalidBotData\\\",\\\"message\\\":\\\"Bot is not valid. Errors: The bot name is already registered to another bot application..  See https://docs.microsoft.com/azure/bot-service/bot-service-resources-bot-framework-faq?view=azure-bot-service-4.0 for detailed requirements.\\\"}}\"},\"body\":{}}",
    "{\"name\":\"BOT_REGISTRATION_ERROR\",\"message\":\"Error - Bot is not valid. Errors: The bot name is already registered to another bot application..  See https://docs.microsoft.com/azure/bot-service/bot-service-resources-bot-framework-faq?view=azure-bot-service-4.0 for detailed requirements.\",\"stack\":\"Error\\n    at new CustomizeError (C:\\\\Users\\\\Ayaaa\\\\AppData\\\\Local\\\\Programs\\\\Bot Framework Composer\\\\resources\\\\app.asar.unpacked\\\\extensions\\\\azurePublish\\\\dist\\\\extension.js:269071:25)\\n    at createCustomizeError (C:\\\\Users\\\\Ayaaa\\\\AppData\\\\Local\\\\Programs\\\\Bot Framework Composer\\\\resources\\\\app.asar.unpacked\\\\extensions\\\\azurePublish\\\\dist\\\\extension.js:269076:10)\\n    at AzureResourceMananger.deployBotResource (C:\\\\Users\\\\Ayaaa\\\\AppData\\\\Local\\\\Programs\\\\Bot Framework Composer\\\\resources\\\\app.asar.unpacked\\\\extensions\\\\azurePublish\\\\dist\\\\extension.js:270471:13)\"}",
    "Provisioning completed 2 items before encountering a problem. {\"name\":\"BOT_REGISTRATION_ERROR\",\"message\":\"Error - Bot is not valid. Errors: The bot name is already registered to another bot application..  See https://docs.microsoft.com/azure/bot-service/bot-service-resources-bot-framework-faq?view=azure-bot-service-4.0 for detailed requirements.\",\"stack\":\"Error\\n    at new CustomizeError (C:\\\\Users\\\\Ayaaa\\\\AppData\\\\Local\\\\Programs\\\\Bot Framework Composer\\\\resources\\\\app.asar.unpacked\\\\extensions\\\\azurePublish\\\\dist\\\\extension.js:269071:25)\\n    at createCustomizeError (C:\\\\Users\\\\Ayaaa\\\\AppData\\\\Local\\\\Programs\\\\Bot Framework Composer\\\\resources\\\\app.asar.unpacked\\\\extensions\\\\azurePublish\\\\dist\\\\extension.js:269076:10)\\n    at AzureResourceMananger.deployBotResource (C:\\\\Users\\\\Ayaaa\\\\AppData\\\\Local\\\\Programs\\\\Bot Framework Composer\\\\resources\\\\app.asar.unpacked\\\\extensions\\\\azurePublish\\\\dist\\\\extension.js:270471:13)\"}. See provision.DeliveryChatbotPublish.log in your bot folder"
  ]
}
